# JRE version: OpenJDK Runtime Environment (17.0.6) (build 17.0.6+0-b2043.56-9586694)
# Java VM: OpenJDK 64-Bit Server VM (17.0.6+0-b2043.56-9586694, mixed mode, tiered, compressed oops, compressed class ptrs, g1 gc, windows-amd64)
GC Precious Log:
 CPUs: 6 total, 6 available
 Memory: 8175M
 Large Page Support: Disabled
 NUMA Support: Disabled
 Compressed Oops: Enabled (32-bit)
 Heap Region Size: 1M
 Heap Min Capacity: 8M
 Heap Initial Capacity: 128M
 Heap Max Capacity: 2G
 Pre-touch: Disabled
 Parallel Workers: 6
 Concurrent Workers: 2
 Concurrent Refinement Workers: 6
 Periodic GC: Disabled
Heap:
 garbage-first heap   total 104448K, used 60231K [0x0000000080000000, 0x0000000100000000)
  region size 1024K, 11 young (11264K), 4 survivors (4096K)
 Metaspace       used 67166K, committed 67712K, reserved 1114112K
  class space    used 8835K, committed 9088K, reserved 1048576K
GC Heap History (20 events):
Event: 6.678 GC heap before
{Heap before GC invocations=12 (full 0):
 garbage-first heap   total 82944K, used 61811K [0x0000000080000000, 0x0000000100000000)
  region size 1024K, 30 young (30720K), 2 survivors (2048K)
 Metaspace       used 48401K, committed 48832K, reserved 1097728K
  class space    used 6398K, committed 6592K, reserved 1048576K
}
Event: 6.684 GC heap after
{Heap after GC invocations=13 (full 0):
 garbage-first heap   total 82944K, used 33545K [0x0000000080000000, 0x0000000100000000)
  region size 1024K, 4 young (4096K), 4 survivors (4096K)
 Metaspace       used 48401K, committed 48832K, reserved 1097728K
  class space    used 6398K, committed 6592K, reserved 1048576K
}
Event: 7.555 GC heap before
{Heap before GC invocations=13 (full 0):
 garbage-first heap   total 82944K, used 62217K [0x0000000080000000, 0x0000000100000000)
  region size 1024K, 32 young (32768K), 4 survivors (4096K)
 Metaspace       used 51315K, committed 51776K, reserved 1097728K
  class space    used 6785K, committed 6976K, reserved 1048576K
}
Event: 7.563 GC heap after
{Heap after GC invocations=14 (full 0):
 garbage-first heap   total 82944K, used 35913K [0x0000000080000000, 0x0000000100000000)
  region size 1024K, 4 young (4096K), 4 survivors (4096K)
 Metaspace       used 51315K, committed 51776K, reserved 1097728K
  class space    used 6785K, committed 6976K, reserved 1048576K
}
Event: 8.252 GC heap before
{Heap before GC invocations=14 (full 0):
 garbage-first heap   total 82944K, used 65609K [0x0000000080000000, 0x0000000100000000)
  region size 1024K, 31 young (31744K), 4 survivors (4096K)
 Metaspace       used 52447K, committed 52864K, reserved 1097728K
  class space    used 6927K, committed 7104K, reserved 1048576K
}
Event: 8.260 GC heap after
{Heap after GC invocations=15 (full 0):
 garbage-first heap   total 82944K, used 44327K [0x0000000080000000, 0x0000000100000000)
  region size 1024K, 4 young (4096K), 4 survivors (4096K)
 Metaspace       used 52447K, committed 52864K, reserved 1097728K
  class space    used 6927K, committed 7104K, reserved 1048576K
}
Event: 8.580 GC heap before
{Heap before GC invocations=15 (full 0):
 garbage-first heap   total 82944K, used 61735K [0x0000000080000000, 0x0000000100000000)
  region size 1024K, 21 young (21504K), 4 survivors (4096K)
 Metaspace       used 54816K, committed 55232K, reserved 1097728K
  class space    used 7255K, committed 7424K, reserved 1048576K
}
Event: 8.586 GC heap after
{Heap after GC invocations=16 (full 0):
 garbage-first heap   total 82944K, used 45121K [0x0000000080000000, 0x0000000100000000)
  region size 1024K, 1 young (1024K), 1 survivors (1024K)
 Metaspace       used 54816K, committed 55232K, reserved 1097728K
  class space    used 7255K, committed 7424K, reserved 1048576K
}
Event: 8.987 GC heap before
{Heap before GC invocations=17 (full 0):
 garbage-first heap   total 82944K, used 62529K [0x0000000080000000, 0x0000000100000000)
  region size 1024K, 19 young (19456K), 1 survivors (1024K)
 Metaspace       used 57886K, committed 58368K, reserved 1105920K
  class space    used 7640K, committed 7872K, reserved 1048576K
}
Event: 8.990 GC heap after
{Heap after GC invocations=18 (full 0):
 garbage-first heap   total 82944K, used 45789K [0x0000000080000000, 0x0000000100000000)
  region size 1024K, 2 young (2048K), 2 survivors (2048K)
 Metaspace       used 57886K, committed 58368K, reserved 1105920K
  class space    used 7640K, committed 7872K, reserved 1048576K
}
Event: 9.392 GC heap before
{Heap before GC invocations=18 (full 0):
 garbage-first heap   total 82944K, used 64221K [0x0000000080000000, 0x0000000100000000)
  region size 1024K, 20 young (20480K), 2 survivors (2048K)
 Metaspace       used 60901K, committed 61440K, reserved 1105920K
  class space    used 8081K, committed 8320K, reserved 1048576K
}
Event: 9.396 GC heap after
{Heap after GC invocations=19 (full 0):
 garbage-first heap   total 100352K, used 46806K [0x0000000080000000, 0x0000000100000000)
  region size 1024K, 3 young (3072K), 3 survivors (3072K)
 Metaspace       used 60901K, committed 61440K, reserved 1105920K
  class space    used 8081K, committed 8320K, reserved 1048576K
}
Event: 9.601 GC heap before
{Heap before GC invocations=20 (full 0):
 garbage-first heap   total 100352K, used 51926K [0x0000000080000000, 0x0000000100000000)
  region size 1024K, 9 young (9216K), 3 survivors (3072K)
 Metaspace       used 62429K, committed 62912K, reserved 1105920K
  class space    used 8252K, committed 8448K, reserved 1048576K
}
Event: 9.607 GC heap after
{Heap after GC invocations=21 (full 0):
 garbage-first heap   total 100352K, used 47939K [0x0000000080000000, 0x0000000100000000)
  region size 1024K, 4 young (4096K), 4 survivors (4096K)
 Metaspace       used 62429K, committed 62912K, reserved 1105920K
  class space    used 8252K, committed 8448K, reserved 1048576K
}
Event: 9.692 GC heap before
{Heap before GC invocations=22 (full 0):
 garbage-first heap   total 104448K, used 60227K [0x0000000080000000, 0x0000000100000000)
  region size 1024K, 13 young (13312K), 4 survivors (4096K)
 Metaspace       used 62435K, committed 62912K, reserved 1105920K
  class space    used 8252K, committed 8448K, reserved 1048576K
}
Event: 9.700 GC heap after
{Heap after GC invocations=23 (full 0):
 garbage-first heap   total 104448K, used 53901K [0x0000000080000000, 0x0000000100000000)
  region size 1024K, 5 young (5120K), 5 survivors (5120K)
 Metaspace       used 62435K, committed 62912K, reserved 1105920K
  class space    used 8252K, committed 8448K, reserved 1048576K
}
Event: 10.157 GC heap before
{Heap before GC invocations=24 (full 0):
 garbage-first heap   total 104448K, used 77453K [0x0000000080000000, 0x0000000100000000)
  region size 1024K, 26 young (26624K), 5 survivors (5120K)
 Metaspace       used 64591K, committed 65088K, reserved 1105920K
  class space    used 8528K, committed 8704K, reserved 1048576K
}
Event: 10.163 GC heap after
{Heap after GC invocations=25 (full 0):
 garbage-first heap   total 104448K, used 51015K [0x0000000080000000, 0x0000000100000000)
  region size 1024K, 2 young (2048K), 2 survivors (2048K)
 Metaspace       used 64591K, committed 65088K, reserved 1105920K
  class space    used 8528K, committed 8704K, reserved 1048576K
}
Event: 10.525 GC heap before
{Heap before GC invocations=25 (full 0):
 garbage-first heap   total 104448K, used 74567K [0x0000000080000000, 0x0000000100000000)
  region size 1024K, 26 young (26624K), 2 survivors (2048K)
 Metaspace       used 66622K, committed 67200K, reserved 1114112K
  class space    used 8768K, committed 9024K, reserved 1048576K
}
Event: 10.531 GC heap after
{Heap after GC invocations=26 (full 0):
 garbage-first heap   total 104448K, used 53063K [0x0000000080000000, 0x0000000100000000)
  region size 1024K, 4 young (4096K), 4 survivors (4096K)
 Metaspace       used 66622K, committed 67200K, reserved 1114112K
  class space    used 8768K, committed 9024K, reserved 1048576K
}

