# JRE version: OpenJDK Runtime Environment (17.0.6) (build 17.0.6+0-b2043.56-9586694)
# Java VM: OpenJDK 64-Bit Server VM (17.0.6+0-b2043.56-9586694, mixed mode, tiered, compressed oops, compressed class ptrs, g1 gc, windows-amd64)
GC Precious Log:
 CPUs: 6 total, 6 available
 Memory: 8175M
 Large Page Support: Disabled
 NUMA Support: Disabled
 Compressed Oops: Enabled (32-bit)
 Heap Region Size: 1M
 Heap Min Capacity: 8M
 Heap Initial Capacity: 128M
 Heap Max Capacity: 2G
 Pre-touch: Disabled
 Parallel Workers: 6
 Concurrent Workers: 2
 Concurrent Refinement Workers: 6
 Periodic GC: Disabled
Heap:
 garbage-first heap   total 116736K, used 62243K [0x0000000080000000, 0x0000000100000000)
  region size 1024K, 8 young (8192K), 5 survivors (5120K)
 Metaspace       used 74867K, committed 75456K, reserved 1114112K
  class space    used 10153K, committed 10432K, reserved 1048576K
GC Heap History (20 events):
Event: 21.722 GC heap before
{Heap before GC invocations=15 (full 0):
 garbage-first heap   total 82944K, used 63826K [0x0000000080000000, 0x0000000100000000)
  region size 1024K, 23 young (23552K), 4 survivors (4096K)
 Metaspace       used 57356K, committed 57856K, reserved 1105920K
  class space    used 7574K, committed 7808K, reserved 1048576K
}
Event: 21.730 GC heap after
{Heap after GC invocations=16 (full 0):
 garbage-first heap   total 82944K, used 45524K [0x0000000080000000, 0x0000000100000000)
  region size 1024K, 1 young (1024K), 1 survivors (1024K)
 Metaspace       used 57356K, committed 57856K, reserved 1105920K
  class space    used 7574K, committed 7808K, reserved 1048576K
}
Event: 22.459 GC heap before
{Heap before GC invocations=17 (full 0):
 garbage-first heap   total 82944K, used 64980K [0x0000000080000000, 0x0000000100000000)
  region size 1024K, 20 young (20480K), 1 survivors (1024K)
 Metaspace       used 60724K, committed 61248K, reserved 1105920K
  class space    used 8062K, committed 8320K, reserved 1048576K
}
Event: 22.463 GC heap after
{Heap after GC invocations=18 (full 0):
 garbage-first heap   total 82944K, used 46474K [0x0000000080000000, 0x0000000100000000)
  region size 1024K, 2 young (2048K), 2 survivors (2048K)
 Metaspace       used 60724K, committed 61248K, reserved 1105920K
  class space    used 8062K, committed 8320K, reserved 1048576K
}
Event: 23.036 GC heap before
{Heap before GC invocations=18 (full 0):
 garbage-first heap   total 82944K, used 53642K [0x0000000080000000, 0x0000000100000000)
  region size 1024K, 10 young (10240K), 2 survivors (2048K)
 Metaspace       used 62535K, committed 63104K, reserved 1105920K
  class space    used 8278K, committed 8512K, reserved 1048576K
}
Event: 23.044 GC heap after
{Heap after GC invocations=19 (full 0):
 garbage-first heap   total 82944K, used 47855K [0x0000000080000000, 0x0000000100000000)
  region size 1024K, 3 young (3072K), 3 survivors (3072K)
 Metaspace       used 62535K, committed 63104K, reserved 1105920K
  class space    used 8278K, committed 8512K, reserved 1048576K
}
Event: 23.772 GC heap before
{Heap before GC invocations=20 (full 0):
 garbage-first heap   total 97280K, used 71407K [0x0000000080000000, 0x0000000100000000)
  region size 1024K, 20 young (20480K), 3 survivors (3072K)
 Metaspace       used 63357K, committed 63936K, reserved 1105920K
  class space    used 8396K, committed 8640K, reserved 1048576K
}
Event: 23.778 GC heap after
{Heap after GC invocations=21 (full 0):
 garbage-first heap   total 97280K, used 49581K [0x0000000080000000, 0x0000000100000000)
  region size 1024K, 3 young (3072K), 3 survivors (3072K)
 Metaspace       used 63357K, committed 63936K, reserved 1105920K
  class space    used 8396K, committed 8640K, reserved 1048576K
}
Event: 23.803 GC heap before
{Heap before GC invocations=21 (full 0):
 garbage-first heap   total 97280K, used 50605K [0x0000000080000000, 0x0000000100000000)
  region size 1024K, 4 young (4096K), 3 survivors (3072K)
 Metaspace       used 63530K, committed 64064K, reserved 1105920K
  class space    used 8414K, committed 8640K, reserved 1048576K
}
Event: 23.807 GC heap after
{Heap after GC invocations=22 (full 0):
 garbage-first heap   total 97280K, used 50085K [0x0000000080000000, 0x0000000100000000)
  region size 1024K, 1 young (1024K), 1 survivors (1024K)
 Metaspace       used 63530K, committed 64064K, reserved 1105920K
  class space    used 8414K, committed 8640K, reserved 1048576K
}
Event: 24.477 GC heap before
{Heap before GC invocations=22 (full 0):
 garbage-first heap   total 97280K, used 73637K [0x0000000080000000, 0x0000000100000000)
  region size 1024K, 24 young (24576K), 1 survivors (1024K)
 Metaspace       used 65338K, committed 65920K, reserved 1114112K
  class space    used 8626K, committed 8896K, reserved 1048576K
}
Event: 24.483 GC heap after
{Heap after GC invocations=23 (full 0):
 garbage-first heap   total 97280K, used 51761K [0x0000000080000000, 0x0000000100000000)
  region size 1024K, 3 young (3072K), 3 survivors (3072K)
 Metaspace       used 65338K, committed 65920K, reserved 1114112K
  class space    used 8626K, committed 8896K, reserved 1048576K
}
Event: 24.950 GC heap before
{Heap before GC invocations=24 (full 0):
 garbage-first heap   total 97280K, used 64049K [0x0000000080000000, 0x0000000100000000)
  region size 1024K, 16 young (16384K), 3 survivors (3072K)
 Metaspace       used 66735K, committed 67264K, reserved 1114112K
  class space    used 8793K, committed 9024K, reserved 1048576K
}
Event: 24.957 GC heap after
{Heap after GC invocations=25 (full 0):
 garbage-first heap   total 116736K, used 53017K [0x0000000080000000, 0x0000000100000000)
  region size 1024K, 2 young (2048K), 2 survivors (2048K)
 Metaspace       used 66735K, committed 67264K, reserved 1114112K
  class space    used 8793K, committed 9024K, reserved 1048576K
}
Event: 25.725 GC heap before
{Heap before GC invocations=25 (full 0):
 garbage-first heap   total 116736K, used 87833K [0x0000000080000000, 0x0000000100000000)
  region size 1024K, 35 young (35840K), 2 survivors (2048K)
 Metaspace       used 67681K, committed 68224K, reserved 1114112K
  class space    used 8943K, committed 9216K, reserved 1048576K
}
Event: 25.731 GC heap after
{Heap after GC invocations=26 (full 0):
 garbage-first heap   total 116736K, used 55120K [0x0000000080000000, 0x0000000100000000)
  region size 1024K, 4 young (4096K), 4 survivors (4096K)
 Metaspace       used 67681K, committed 68224K, reserved 1114112K
  class space    used 8943K, committed 9216K, reserved 1048576K
}
Event: 26.830 GC heap before
{Heap before GC invocations=26 (full 0):
 garbage-first heap   total 116736K, used 88912K [0x0000000080000000, 0x0000000100000000)
  region size 1024K, 37 young (37888K), 4 survivors (4096K)
 Metaspace       used 70832K, committed 71360K, reserved 1114112K
  class space    used 9494K, committed 9728K, reserved 1048576K
}
Event: 26.838 GC heap after
{Heap after GC invocations=27 (full 0):
 garbage-first heap   total 116736K, used 57243K [0x0000000080000000, 0x0000000100000000)
  region size 1024K, 5 young (5120K), 5 survivors (5120K)
 Metaspace       used 70832K, committed 71360K, reserved 1114112K
  class space    used 9494K, committed 9728K, reserved 1048576K
}
Event: 27.986 GC heap before
{Heap before GC invocations=27 (full 0):
 garbage-first heap   total 116736K, used 91035K [0x0000000080000000, 0x0000000100000000)
  region size 1024K, 38 young (38912K), 5 survivors (5120K)
 Metaspace       used 74573K, committed 75136K, reserved 1114112K
  class space    used 10104K, committed 10368K, reserved 1048576K
}
Event: 28.000 GC heap after
{Heap after GC invocations=28 (full 0):
 garbage-first heap   total 116736K, used 60195K [0x0000000080000000, 0x0000000100000000)
  region size 1024K, 5 young (5120K), 5 survivors (5120K)
 Metaspace       used 74573K, committed 75136K, reserved 1114112K
  class space    used 10104K, committed 10368K, reserved 1048576K
}

