# JRE version: OpenJDK Runtime Environment (17.0.6) (build 17.0.6+0-b2043.56-9586694)
# Java VM: OpenJDK 64-Bit Server VM (17.0.6+0-b2043.56-9586694, mixed mode, tiered, compressed oops, compressed class ptrs, g1 gc, windows-amd64)
GC Precious Log:
 CPUs: 6 total, 6 available
 Memory: 8175M
 Large Page Support: Disabled
 NUMA Support: Disabled
 Compressed Oops: Enabled (32-bit)
 Heap Region Size: 1M
 Heap Min Capacity: 8M
 Heap Initial Capacity: 128M
 Heap Max Capacity: 2G
 Pre-touch: Disabled
 Parallel Workers: 6
 Concurrent Workers: 2
 Concurrent Refinement Workers: 6
 Periodic GC: Disabled
Heap:
 garbage-first heap   total 110592K, used 80321K [0x0000000080000000, 0x0000000100000000)
  region size 1024K, 28 young (28672K), 5 survivors (5120K)
 Metaspace       used 40494K, committed 40832K, reserved 1089536K
  class space    used 5468K, committed 5632K, reserved 1048576K
GC Heap History (18 events):
Event: 1.189 GC heap before
{Heap before GC invocations=0 (full 0):
 garbage-first heap   total 131072K, used 24576K [0x0000000080000000, 0x0000000100000000)
  region size 1024K, 21 young (21504K), 0 survivors (0K)
 Metaspace       used 10193K, committed 10368K, reserved 1064960K
  class space    used 1056K, committed 1088K, reserved 1048576K
}
Event: 1.196 GC heap after
{Heap after GC invocations=1 (full 0):
 garbage-first heap   total 131072K, used 10480K [0x0000000080000000, 0x0000000100000000)
  region size 1024K, 3 young (3072K), 3 survivors (3072K)
 Metaspace       used 10193K, committed 10368K, reserved 1064960K
  class space    used 1056K, committed 1088K, reserved 1048576K
}
Event: 1.813 GC heap before
{Heap before GC invocations=1 (full 0):
 garbage-first heap   total 131072K, used 36080K [0x0000000080000000, 0x0000000100000000)
  region size 1024K, 28 young (28672K), 3 survivors (3072K)
 Metaspace       used 11189K, committed 11392K, reserved 1064960K
  class space    used 1166K, committed 1280K, reserved 1048576K
}
Event: 1.818 GC heap after
{Heap after GC invocations=2 (full 0):
 garbage-first heap   total 131072K, used 11477K [0x0000000080000000, 0x0000000100000000)
  region size 1024K, 1 young (1024K), 1 survivors (1024K)
 Metaspace       used 11189K, committed 11392K, reserved 1064960K
  class space    used 1166K, committed 1280K, reserved 1048576K
}
Event: 3.356 GC heap before
{Heap before GC invocations=2 (full 0):
 garbage-first heap   total 131072K, used 53461K [0x0000000080000000, 0x0000000100000000)
  region size 1024K, 43 young (44032K), 1 survivors (1024K)
 Metaspace       used 21253K, committed 21504K, reserved 1073152K
  class space    used 2562K, committed 2688K, reserved 1048576K
}
Event: 3.365 GC heap after
{Heap after GC invocations=3 (full 0):
 garbage-first heap   total 131072K, used 18841K [0x0000000080000000, 0x0000000100000000)
  region size 1024K, 9 young (9216K), 9 survivors (9216K)
 Metaspace       used 21253K, committed 21504K, reserved 1073152K
  class space    used 2562K, committed 2688K, reserved 1048576K
}
Event: 4.219 GC heap before
{Heap before GC invocations=4 (full 0):
 garbage-first heap   total 71680K, used 52633K [0x0000000080000000, 0x0000000100000000)
  region size 1024K, 42 young (43008K), 9 survivors (9216K)
 Metaspace       used 26485K, committed 26816K, reserved 1073152K
  class space    used 3482K, committed 3648K, reserved 1048576K
}
Event: 4.235 GC heap after
{Heap after GC invocations=5 (full 0):
 garbage-first heap   total 71680K, used 20546K [0x0000000080000000, 0x0000000100000000)
  region size 1024K, 3 young (3072K), 3 survivors (3072K)
 Metaspace       used 26485K, committed 26816K, reserved 1073152K
  class space    used 3482K, committed 3648K, reserved 1048576K
}
Event: 4.922 GC heap before
{Heap before GC invocations=5 (full 0):
 garbage-first heap   total 71680K, used 49218K [0x0000000080000000, 0x0000000100000000)
  region size 1024K, 23 young (23552K), 3 survivors (3072K)
 Metaspace       used 29386K, committed 29760K, reserved 1081344K
  class space    used 3983K, committed 4160K, reserved 1048576K
}
Event: 4.929 GC heap after
{Heap after GC invocations=6 (full 0):
 garbage-first heap   total 71680K, used 34334K [0x0000000080000000, 0x0000000100000000)
  region size 1024K, 4 young (4096K), 4 survivors (4096K)
 Metaspace       used 29386K, committed 29760K, reserved 1081344K
  class space    used 3983K, committed 4160K, reserved 1048576K
}
Event: 4.958 GC heap before
{Heap before GC invocations=6 (full 0):
 garbage-first heap   total 71680K, used 40478K [0x0000000080000000, 0x0000000100000000)
  region size 1024K, 5 young (5120K), 4 survivors (4096K)
 Metaspace       used 29388K, committed 29760K, reserved 1081344K
  class space    used 3983K, committed 4160K, reserved 1048576K
}
Event: 4.963 GC heap after
{Heap after GC invocations=7 (full 0):
 garbage-first heap   total 71680K, used 40543K [0x0000000080000000, 0x0000000100000000)
  region size 1024K, 1 young (1024K), 1 survivors (1024K)
 Metaspace       used 29388K, committed 29760K, reserved 1081344K
  class space    used 3983K, committed 4160K, reserved 1048576K
}
Event: 5.033 GC heap before
{Heap before GC invocations=8 (full 0):
 garbage-first heap   total 75776K, used 42591K [0x0000000080000000, 0x0000000100000000)
  region size 1024K, 3 young (3072K), 1 survivors (1024K)
 Metaspace       used 29496K, committed 29888K, reserved 1081344K
  class space    used 3997K, committed 4160K, reserved 1048576K
}
Event: 5.034 GC heap after
{Heap after GC invocations=9 (full 0):
 garbage-first heap   total 75776K, used 41982K [0x0000000080000000, 0x0000000100000000)
  region size 1024K, 1 young (1024K), 1 survivors (1024K)
 Metaspace       used 29496K, committed 29888K, reserved 1081344K
  class space    used 3997K, committed 4160K, reserved 1048576K
}
Event: 5.116 GC heap before
{Heap before GC invocations=10 (full 0):
 garbage-first heap   total 92160K, used 52222K [0x0000000080000000, 0x0000000100000000)
  region size 1024K, 2 young (2048K), 1 survivors (1024K)
 Metaspace       used 29496K, committed 29888K, reserved 1081344K
  class space    used 3997K, committed 4160K, reserved 1048576K
}
Event: 5.118 GC heap after
{Heap after GC invocations=11 (full 0):
 garbage-first heap   total 110592K, used 52192K [0x0000000080000000, 0x0000000100000000)
  region size 1024K, 1 young (1024K), 1 survivors (1024K)
 Metaspace       used 29496K, committed 29888K, reserved 1081344K
  class space    used 3997K, committed 4160K, reserved 1048576K
}
Event: 5.985 GC heap before
{Heap before GC invocations=12 (full 0):
 garbage-first heap   total 110592K, used 88032K [0x0000000080000000, 0x0000000100000000)
  region size 1024K, 35 young (35840K), 1 survivors (1024K)
 Metaspace       used 34093K, committed 34496K, reserved 1081344K
  class space    used 4744K, committed 4928K, reserved 1048576K
}
Event: 5.990 GC heap after
{Heap after GC invocations=13 (full 0):
 garbage-first heap   total 110592K, used 57793K [0x0000000080000000, 0x0000000100000000)
  region size 1024K, 5 young (5120K), 5 survivors (5120K)
 Metaspace       used 34093K, committed 34496K, reserved 1081344K
  class space    used 4744K, committed 4928K, reserved 1048576K
}

