# JRE version: OpenJDK Runtime Environment (17.0.6) (build 17.0.6+0-b2043.56-9586694)
# Java VM: OpenJDK 64-Bit Server VM (17.0.6+0-b2043.56-9586694, mixed mode, tiered, compressed oops, compressed class ptrs, g1 gc, windows-amd64)
GC Precious Log:
 CPUs: 6 total, 6 available
 Memory: 8175M
 Large Page Support: Disabled
 NUMA Support: Disabled
 Compressed Oops: Enabled (32-bit)
 Heap Region Size: 1M
 Heap Min Capacity: 8M
 Heap Initial Capacity: 128M
 Heap Max Capacity: 2G
 Pre-touch: Disabled
 Parallel Workers: 6
 Concurrent Workers: 2
 Concurrent Refinement Workers: 6
 Periodic GC: Disabled
Heap:
 garbage-first heap   total 104448K, used 56316K [0x0000000080000000, 0x0000000100000000)
  region size 1024K, 3 young (3072K), 3 survivors (3072K)
 Metaspace       used 68533K, committed 69120K, reserved 1114112K
  class space    used 9036K, committed 9280K, reserved 1048576K
GC Heap History (20 events):
Event: 9.075 GC heap after
{Heap after GC invocations=12 (full 0):
 garbage-first heap   total 86016K, used 34390K [0x0000000080000000, 0x0000000100000000)
  region size 1024K, 2 young (2048K), 2 survivors (2048K)
 Metaspace       used 50776K, committed 51200K, reserved 1097728K
  class space    used 6740K, committed 6912K, reserved 1048576K
}
Event: 10.187 GC heap before
{Heap before GC invocations=12 (full 0):
 garbage-first heap   total 86016K, used 69206K [0x0000000080000000, 0x0000000100000000)
  region size 1024K, 34 young (34816K), 2 survivors (2048K)
 Metaspace       used 51904K, committed 52352K, reserved 1097728K
  class space    used 6841K, committed 7040K, reserved 1048576K
}
Event: 10.197 GC heap after
{Heap after GC invocations=13 (full 0):
 garbage-first heap   total 86016K, used 42543K [0x0000000080000000, 0x0000000100000000)
  region size 1024K, 5 young (5120K), 5 survivors (5120K)
 Metaspace       used 51904K, committed 52352K, reserved 1097728K
  class space    used 6841K, committed 7040K, reserved 1048576K
}
Event: 10.823 GC heap before
{Heap before GC invocations=13 (full 0):
 garbage-first heap   total 86016K, used 66095K [0x0000000080000000, 0x0000000100000000)
  region size 1024K, 28 young (28672K), 5 survivors (5120K)
 Metaspace       used 54945K, committed 55424K, reserved 1097728K
  class space    used 7264K, committed 7488K, reserved 1048576K
}
Event: 10.830 GC heap after
{Heap after GC invocations=14 (full 0):
 garbage-first heap   total 86016K, used 44949K [0x0000000080000000, 0x0000000100000000)
  region size 1024K, 2 young (2048K), 2 survivors (2048K)
 Metaspace       used 54945K, committed 55424K, reserved 1097728K
  class space    used 7264K, committed 7488K, reserved 1048576K
}
Event: 11.392 GC heap before
{Heap before GC invocations=14 (full 0):
 garbage-first heap   total 86016K, used 66453K [0x0000000080000000, 0x0000000100000000)
  region size 1024K, 23 young (23552K), 2 survivors (2048K)
 Metaspace       used 58366K, committed 58944K, reserved 1105920K
  class space    used 7676K, committed 7936K, reserved 1048576K
}
Event: 11.397 GC heap after
{Heap after GC invocations=15 (full 0):
 garbage-first heap   total 86016K, used 45887K [0x0000000080000000, 0x0000000100000000)
  region size 1024K, 1 young (1024K), 1 survivors (1024K)
 Metaspace       used 58366K, committed 58944K, reserved 1105920K
  class space    used 7676K, committed 7936K, reserved 1048576K
}
Event: 12.038 GC heap before
{Heap before GC invocations=16 (full 0):
 garbage-first heap   total 86016K, used 65343K [0x0000000080000000, 0x0000000100000000)
  region size 1024K, 21 young (21504K), 1 survivors (1024K)
 Metaspace       used 62488K, committed 63040K, reserved 1105920K
  class space    used 8255K, committed 8512K, reserved 1048576K
}
Event: 12.043 GC heap after
{Heap after GC invocations=17 (full 0):
 garbage-first heap   total 86016K, used 47941K [0x0000000080000000, 0x0000000100000000)
  region size 1024K, 3 young (3072K), 3 survivors (3072K)
 Metaspace       used 62488K, committed 63040K, reserved 1105920K
  class space    used 8255K, committed 8512K, reserved 1048576K
}
Event: 12.125 GC heap before
{Heap before GC invocations=18 (full 0):
 garbage-first heap   total 104448K, used 60229K [0x0000000080000000, 0x0000000100000000)
  region size 1024K, 12 young (12288K), 3 survivors (3072K)
 Metaspace       used 62493K, committed 63040K, reserved 1105920K
  class space    used 8255K, committed 8512K, reserved 1048576K
}
Event: 12.133 GC heap after
{Heap after GC invocations=19 (full 0):
 garbage-first heap   total 104448K, used 53758K [0x0000000080000000, 0x0000000100000000)
  region size 1024K, 3 young (3072K), 3 survivors (3072K)
 Metaspace       used 62493K, committed 63040K, reserved 1105920K
  class space    used 8255K, committed 8512K, reserved 1048576K
}
Event: 12.637 GC heap before
{Heap before GC invocations=20 (full 0):
 garbage-first heap   total 104448K, used 77310K [0x0000000080000000, 0x0000000100000000)
  region size 1024K, 24 young (24576K), 3 survivors (3072K)
 Metaspace       used 64658K, committed 65216K, reserved 1105920K
  class space    used 8529K, committed 8768K, reserved 1048576K
}
Event: 12.642 GC heap after
{Heap after GC invocations=21 (full 0):
 garbage-first heap   total 104448K, used 52133K [0x0000000080000000, 0x0000000100000000)
  region size 1024K, 2 young (2048K), 2 survivors (2048K)
 Metaspace       used 64658K, committed 65216K, reserved 1105920K
  class space    used 8529K, committed 8768K, reserved 1048576K
}
Event: 13.090 GC heap before
{Heap before GC invocations=21 (full 0):
 garbage-first heap   total 104448K, used 74661K [0x0000000080000000, 0x0000000100000000)
  region size 1024K, 25 young (25600K), 2 survivors (2048K)
 Metaspace       used 66573K, committed 67136K, reserved 1114112K
  class space    used 8765K, committed 9024K, reserved 1048576K
}
Event: 13.095 GC heap after
{Heap after GC invocations=22 (full 0):
 garbage-first heap   total 104448K, used 54104K [0x0000000080000000, 0x0000000100000000)
  region size 1024K, 4 young (4096K), 4 survivors (4096K)
 Metaspace       used 66573K, committed 67136K, reserved 1114112K
  class space    used 8765K, committed 9024K, reserved 1048576K
}
Event: 13.446 GC heap before
{Heap before GC invocations=23 (full 0):
 garbage-first heap   total 104448K, used 76632K [0x0000000080000000, 0x0000000100000000)
  region size 1024K, 27 young (27648K), 4 survivors (4096K)
 Metaspace       used 67626K, committed 68224K, reserved 1114112K
  class space    used 8923K, committed 9216K, reserved 1048576K
}
Event: 13.452 GC heap after
{Heap after GC invocations=24 (full 0):
 garbage-first heap   total 104448K, used 54801K [0x0000000080000000, 0x0000000100000000)
  region size 1024K, 4 young (4096K), 4 survivors (4096K)
 Metaspace       used 67626K, committed 68224K, reserved 1114112K
  class space    used 8923K, committed 9216K, reserved 1048576K
}
Event: 13.460 GC heap before
{Heap before GC invocations=24 (full 0):
 garbage-first heap   total 104448K, used 55825K [0x0000000080000000, 0x0000000100000000)
  region size 1024K, 5 young (5120K), 4 survivors (4096K)
 Metaspace       used 67626K, committed 68224K, reserved 1114112K
  class space    used 8923K, committed 9216K, reserved 1048576K
}
Event: 13.467 GC heap after
{Heap after GC invocations=25 (full 0):
 garbage-first heap   total 104448K, used 54268K [0x0000000080000000, 0x0000000100000000)
  region size 1024K, 1 young (1024K), 1 survivors (1024K)
 Metaspace       used 67626K, committed 68224K, reserved 1114112K
  class space    used 8923K, committed 9216K, reserved 1048576K
}
Event: 13.750 GC heap before
{Heap before GC invocations=25 (full 0):
 garbage-first heap   total 104448K, used 79868K [0x0000000080000000, 0x0000000100000000)
  region size 1024K, 26 young (26624K), 1 survivors (1024K)
 Metaspace       used 68533K, committed 69120K, reserved 1114112K
  class space    used 9036K, committed 9280K, reserved 1048576K
}

