# JRE version: OpenJDK Runtime Environment (17.0.6) (build 17.0.6+0-b2043.56-9586694)
# Java VM: OpenJDK 64-Bit Server VM (17.0.6+0-b2043.56-9586694, mixed mode, tiered, compressed oops, compressed class ptrs, g1 gc, windows-amd64)
GC Precious Log:
 CPUs: 6 total, 6 available
 Memory: 8175M
 Large Page Support: Disabled
 NUMA Support: Disabled
 Compressed Oops: Enabled (32-bit)
 Heap Region Size: 1M
 Heap Min Capacity: 8M
 Heap Initial Capacity: 128M
 Heap Max Capacity: 2G
 Pre-touch: Disabled
 Parallel Workers: 6
 Concurrent Workers: 2
 Concurrent Refinement Workers: 6
 Periodic GC: Disabled
Heap:
 garbage-first heap   total 97280K, used 52901K [0x0000000080000000, 0x0000000100000000)
  region size 1024K, 2 young (2048K), 2 survivors (2048K)
 Metaspace       used 66713K, committed 67264K, reserved 1114112K
  class space    used 8779K, committed 9024K, reserved 1048576K
GC Heap History (20 events):
Event: 6.668 GC heap after
{Heap after GC invocations=11 (full 0):
 garbage-first heap   total 86016K, used 29170K [0x0000000080000000, 0x0000000100000000)
  region size 1024K, 1 young (1024K), 1 survivors (1024K)
 Metaspace       used 42136K, committed 42432K, reserved 1089536K
  class space    used 5506K, committed 5632K, reserved 1048576K
}
Event: 7.308 GC heap before
{Heap before GC invocations=11 (full 0):
 garbage-first heap   total 86016K, used 65010K [0x0000000080000000, 0x0000000100000000)
  region size 1024K, 36 young (36864K), 1 survivors (1024K)
 Metaspace       used 45605K, committed 46080K, reserved 1089536K
  class space    used 6056K, committed 6272K, reserved 1048576K
}
Event: 7.314 GC heap after
{Heap after GC invocations=12 (full 0):
 garbage-first heap   total 86016K, used 31583K [0x0000000080000000, 0x0000000100000000)
  region size 1024K, 4 young (4096K), 4 survivors (4096K)
 Metaspace       used 45605K, committed 46080K, reserved 1089536K
  class space    used 6056K, committed 6272K, reserved 1048576K
}
Event: 7.949 GC heap before
{Heap before GC invocations=12 (full 0):
 garbage-first heap   total 86016K, used 64351K [0x0000000080000000, 0x0000000100000000)
  region size 1024K, 36 young (36864K), 4 survivors (4096K)
 Metaspace       used 50386K, committed 50880K, reserved 1097728K
  class space    used 6684K, committed 6912K, reserved 1048576K
}
Event: 7.955 GC heap after
{Heap after GC invocations=13 (full 0):
 garbage-first heap   total 86016K, used 33111K [0x0000000080000000, 0x0000000100000000)
  region size 1024K, 2 young (2048K), 2 survivors (2048K)
 Metaspace       used 50386K, committed 50880K, reserved 1097728K
  class space    used 6684K, committed 6912K, reserved 1048576K
}
Event: 9.164 GC heap before
{Heap before GC invocations=13 (full 0):
 garbage-first heap   total 86016K, used 67927K [0x0000000080000000, 0x0000000100000000)
  region size 1024K, 35 young (35840K), 2 survivors (2048K)
 Metaspace       used 51876K, committed 52352K, reserved 1097728K
  class space    used 6846K, committed 7040K, reserved 1048576K
}
Event: 9.172 GC heap after
{Heap after GC invocations=14 (full 0):
 garbage-first heap   total 86016K, used 39698K [0x0000000080000000, 0x0000000100000000)
  region size 1024K, 5 young (5120K), 5 survivors (5120K)
 Metaspace       used 51876K, committed 52352K, reserved 1097728K
  class space    used 6846K, committed 7040K, reserved 1048576K
}
Event: 10.224 GC heap before
{Heap before GC invocations=14 (full 0):
 garbage-first heap   total 86016K, used 67346K [0x0000000080000000, 0x0000000100000000)
  region size 1024K, 32 young (32768K), 5 survivors (5120K)
 Metaspace       used 55047K, committed 55552K, reserved 1097728K
  class space    used 7286K, committed 7488K, reserved 1048576K
}
Event: 10.234 GC heap after
{Heap after GC invocations=15 (full 0):
 garbage-first heap   total 86016K, used 43809K [0x0000000080000000, 0x0000000100000000)
  region size 1024K, 4 young (4096K), 4 survivors (4096K)
 Metaspace       used 55047K, committed 55552K, reserved 1097728K
  class space    used 7286K, committed 7488K, reserved 1048576K
}
Event: 11.269 GC heap before
{Heap before GC invocations=15 (full 0):
 garbage-first heap   total 86016K, used 66337K [0x0000000080000000, 0x0000000100000000)
  region size 1024K, 27 young (27648K), 4 survivors (4096K)
 Metaspace       used 58786K, committed 59328K, reserved 1105920K
  class space    used 7757K, committed 8000K, reserved 1048576K
}
Event: 11.276 GC heap after
{Heap after GC invocations=16 (full 0):
 garbage-first heap   total 86016K, used 45254K [0x0000000080000000, 0x0000000100000000)
  region size 1024K, 1 young (1024K), 1 survivors (1024K)
 Metaspace       used 58786K, committed 59328K, reserved 1105920K
  class space    used 7757K, committed 8000K, reserved 1048576K
}
Event: 11.869 GC heap before
{Heap before GC invocations=17 (full 0):
 garbage-first heap   total 86016K, used 61638K [0x0000000080000000, 0x0000000100000000)
  region size 1024K, 18 young (18432K), 1 survivors (1024K)
 Metaspace       used 62461K, committed 62912K, reserved 1105920K
  class space    used 8255K, committed 8448K, reserved 1048576K
}
Event: 11.879 GC heap after
{Heap after GC invocations=18 (full 0):
 garbage-first heap   total 86016K, used 47106K [0x0000000080000000, 0x0000000100000000)
  region size 1024K, 3 young (3072K), 3 survivors (3072K)
 Metaspace       used 62461K, committed 62912K, reserved 1105920K
  class space    used 8255K, committed 8448K, reserved 1048576K
}
Event: 12.049 GC heap before
{Heap before GC invocations=19 (full 0):
 garbage-first heap   total 89088K, used 59394K [0x0000000080000000, 0x0000000100000000)
  region size 1024K, 12 young (12288K), 3 survivors (3072K)
 Metaspace       used 62466K, committed 62976K, reserved 1105920K
  class space    used 8255K, committed 8448K, reserved 1048576K
}
Event: 12.058 GC heap after
{Heap after GC invocations=20 (full 0):
 garbage-first heap   total 89088K, used 52993K [0x0000000080000000, 0x0000000100000000)
  region size 1024K, 4 young (4096K), 4 survivors (4096K)
 Metaspace       used 62466K, committed 62976K, reserved 1105920K
  class space    used 8255K, committed 8448K, reserved 1048576K
}
Event: 13.015 GC heap before
{Heap before GC invocations=21 (full 0):
 garbage-first heap   total 97280K, used 70401K [0x0000000080000000, 0x0000000100000000)
  region size 1024K, 19 young (19456K), 4 survivors (4096K)
 Metaspace       used 64083K, committed 64576K, reserved 1105920K
  class space    used 8459K, committed 8640K, reserved 1048576K
}
Event: 13.020 GC heap after
{Heap after GC invocations=22 (full 0):
 garbage-first heap   total 97280K, used 49544K [0x0000000080000000, 0x0000000100000000)
  region size 1024K, 2 young (2048K), 2 survivors (2048K)
 Metaspace       used 64083K, committed 64576K, reserved 1105920K
  class space    used 8459K, committed 8640K, reserved 1048576K
}
Event: 13.567 GC heap before
{Heap before GC invocations=22 (full 0):
 garbage-first heap   total 97280K, used 71048K [0x0000000080000000, 0x0000000100000000)
  region size 1024K, 23 young (23552K), 2 survivors (2048K)
 Metaspace       used 65520K, committed 66112K, reserved 1114112K
  class space    used 8641K, committed 8896K, reserved 1048576K
}
Event: 13.572 GC heap after
{Heap after GC invocations=23 (full 0):
 garbage-first heap   total 97280K, used 51683K [0x0000000080000000, 0x0000000100000000)
  region size 1024K, 3 young (3072K), 3 survivors (3072K)
 Metaspace       used 65520K, committed 66112K, reserved 1114112K
  class space    used 8641K, committed 8896K, reserved 1048576K
}
Event: 13.769 GC heap before
{Heap before GC invocations=24 (full 0):
 garbage-first heap   total 97280K, used 60899K [0x0000000080000000, 0x0000000100000000)
  region size 1024K, 13 young (13312K), 3 survivors (3072K)
 Metaspace       used 66713K, committed 67264K, reserved 1114112K
  class space    used 8779K, committed 9024K, reserved 1048576K
}

