# JRE version: OpenJDK Runtime Environment (17.0.6) (build 17.0.6+0-b2043.56-9586694)
# Java VM: OpenJDK 64-Bit Server VM (17.0.6+0-b2043.56-9586694, mixed mode, tiered, compressed oops, compressed class ptrs, g1 gc, windows-amd64)
GC Precious Log:
 CPUs: 6 total, 6 available
 Memory: 8175M
 Large Page Support: Disabled
 NUMA Support: Disabled
 Compressed Oops: Enabled (32-bit)
 Heap Region Size: 1M
 Heap Min Capacity: 8M
 Heap Initial Capacity: 128M
 Heap Max Capacity: 2G
 Pre-touch: Disabled
 Parallel Workers: 6
 Concurrent Workers: 2
 Concurrent Refinement Workers: 6
 Periodic GC: Disabled
Heap:
 garbage-first heap   total 424960K, used 218366K [0x0000000080000000, 0x0000000100000000)
  region size 1024K, 3 young (3072K), 3 survivors (3072K)
 Metaspace       used 127223K, committed 129536K, reserved 1163264K
  class space    used 16515K, committed 17472K, reserved 1048576K
GC Heap History (20 events):
Event: 758.577 GC heap after
{Heap after GC invocations=88 (full 0):
 garbage-first heap   total 424960K, used 246434K [0x0000000080000000, 0x0000000100000000)
  region size 1024K, 15 young (15360K), 15 survivors (15360K)
 Metaspace       used 126905K, committed 128320K, reserved 1163264K
  class space    used 16626K, committed 17280K, reserved 1048576K
}
Event: 772.504 GC heap before
{Heap before GC invocations=88 (full 0):
 garbage-first heap   total 424960K, used 357026K [0x0000000080000000, 0x0000000100000000)
  region size 1024K, 124 young (126976K), 15 survivors (15360K)
 Metaspace       used 126986K, committed 128384K, reserved 1163264K
  class space    used 16630K, committed 17280K, reserved 1048576K
}
Event: 772.570 GC heap after
{Heap after GC invocations=89 (full 0):
 garbage-first heap   total 424960K, used 249574K [0x0000000080000000, 0x0000000100000000)
  region size 1024K, 11 young (11264K), 11 survivors (11264K)
 Metaspace       used 126986K, committed 128384K, reserved 1163264K
  class space    used 16630K, committed 17280K, reserved 1048576K
}
Event: 854.539 GC heap before
{Heap before GC invocations=90 (full 0):
 garbage-first heap   total 424960K, used 357094K [0x0000000080000000, 0x0000000100000000)
  region size 1024K, 119 young (121856K), 11 survivors (11264K)
 Metaspace       used 127635K, committed 129216K, reserved 1163264K
  class space    used 16741K, committed 17472K, reserved 1048576K
}
Event: 854.560 GC heap after
{Heap after GC invocations=91 (full 0):
 garbage-first heap   total 424960K, used 244704K [0x0000000080000000, 0x0000000100000000)
  region size 1024K, 5 young (5120K), 5 survivors (5120K)
 Metaspace       used 127635K, committed 129216K, reserved 1163264K
  class space    used 16741K, committed 17472K, reserved 1048576K
}
Event: 855.172 GC heap before
{Heap before GC invocations=91 (full 0):
 garbage-first heap   total 424960K, used 259040K [0x0000000080000000, 0x0000000100000000)
  region size 1024K, 20 young (20480K), 5 survivors (5120K)
 Metaspace       used 127647K, committed 129216K, reserved 1163264K
  class space    used 16741K, committed 17472K, reserved 1048576K
}
Event: 855.194 GC heap after
{Heap after GC invocations=92 (full 0):
 garbage-first heap   total 424960K, used 233377K [0x0000000080000000, 0x0000000100000000)
  region size 1024K, 2 young (2048K), 2 survivors (2048K)
 Metaspace       used 127647K, committed 129216K, reserved 1163264K
  class space    used 16741K, committed 17472K, reserved 1048576K
}
Event: 3344.958 GC heap before
{Heap before GC invocations=92 (full 0):
 garbage-first heap   total 424960K, used 359329K [0x0000000080000000, 0x0000000100000000)
  region size 1024K, 126 young (129024K), 2 survivors (2048K)
 Metaspace       used 127923K, committed 129536K, reserved 1163264K
  class space    used 16752K, committed 17472K, reserved 1048576K
}
Event: 3345.516 GC heap after
{Heap after GC invocations=93 (full 0):
 garbage-first heap   total 424960K, used 240910K [0x0000000080000000, 0x0000000100000000)
  region size 1024K, 10 young (10240K), 10 survivors (10240K)
 Metaspace       used 127923K, committed 129536K, reserved 1163264K
  class space    used 16752K, committed 17472K, reserved 1048576K
}
Event: 3973.898 GC heap before
{Heap before GC invocations=93 (full 0):
 garbage-first heap   total 424960K, used 252174K [0x0000000080000000, 0x0000000100000000)
  region size 1024K, 22 young (22528K), 10 survivors (10240K)
 Metaspace       used 127930K, committed 129536K, reserved 1163264K
  class space    used 16752K, committed 17472K, reserved 1048576K
}
Event: 3974.107 GC heap after
{Heap after GC invocations=94 (full 0):
 garbage-first heap   total 424960K, used 241837K [0x0000000080000000, 0x0000000100000000)
  region size 1024K, 1 young (1024K), 1 survivors (1024K)
 Metaspace       used 127930K, committed 129536K, reserved 1163264K
  class space    used 16752K, committed 17472K, reserved 1048576K
}
Event: 7492.898 GC heap before
{Heap before GC invocations=95 (full 0):
 garbage-first heap   total 424960K, used 359597K [0x0000000080000000, 0x0000000100000000)
  region size 1024K, 118 young (120832K), 1 survivors (1024K)
 Metaspace       used 126700K, committed 129536K, reserved 1163264K
  class space    used 16448K, committed 17472K, reserved 1048576K
}
Event: 7493.034 GC heap after
{Heap after GC invocations=96 (full 0):
 garbage-first heap   total 424960K, used 247971K [0x0000000080000000, 0x0000000100000000)
  region size 1024K, 8 young (8192K), 8 survivors (8192K)
 Metaspace       used 126700K, committed 129536K, reserved 1163264K
  class space    used 16448K, committed 17472K, reserved 1048576K
}
Event: 7493.727 GC heap before
{Heap before GC invocations=96 (full 0):
 garbage-first heap   total 424960K, used 260259K [0x0000000080000000, 0x0000000100000000)
  region size 1024K, 20 young (20480K), 8 survivors (8192K)
 Metaspace       used 127196K, committed 129536K, reserved 1163264K
  class space    used 16513K, committed 17472K, reserved 1048576K
}
Event: 7494.154 GC heap after
{Heap after GC invocations=97 (full 0):
 garbage-first heap   total 424960K, used 224886K [0x0000000080000000, 0x0000000100000000)
  region size 1024K, 2 young (2048K), 2 survivors (2048K)
 Metaspace       used 127196K, committed 129536K, reserved 1163264K
  class space    used 16513K, committed 17472K, reserved 1048576K
}
Event: 7494.608 GC heap before
{Heap before GC invocations=97 (full 0):
 garbage-first heap   total 424960K, used 243318K [0x0000000080000000, 0x0000000100000000)
  region size 1024K, 20 young (20480K), 2 survivors (2048K)
 Metaspace       used 127215K, committed 129536K, reserved 1163264K
  class space    used 16514K, committed 17472K, reserved 1048576K
}
Event: 7494.734 GC heap after
{Heap after GC invocations=98 (full 0):
 garbage-first heap   total 424960K, used 222351K [0x0000000080000000, 0x0000000100000000)
  region size 1024K, 3 young (3072K), 3 survivors (3072K)
 Metaspace       used 127215K, committed 129536K, reserved 1163264K
  class space    used 16514K, committed 17472K, reserved 1048576K
}
Event: 7494.822 GC heap before
{Heap before GC invocations=98 (full 0):
 garbage-first heap   total 424960K, used 239759K [0x0000000080000000, 0x0000000100000000)
  region size 1024K, 20 young (20480K), 3 survivors (3072K)
 Metaspace       used 127217K, committed 129536K, reserved 1163264K
  class space    used 16514K, committed 17472K, reserved 1048576K
}
Event: 7494.900 GC heap after
{Heap after GC invocations=99 (full 0):
 garbage-first heap   total 424960K, used 220129K [0x0000000080000000, 0x0000000100000000)
  region size 1024K, 2 young (2048K), 2 survivors (2048K)
 Metaspace       used 127217K, committed 129536K, reserved 1163264K
  class space    used 16514K, committed 17472K, reserved 1048576K
}
Event: 7495.002 GC heap before
{Heap before GC invocations=99 (full 0):
 garbage-first heap   total 424960K, used 238561K [0x0000000080000000, 0x0000000100000000)
  region size 1024K, 20 young (20480K), 2 survivors (2048K)
 Metaspace       used 127223K, committed 129536K, reserved 1163264K
  class space    used 16515K, committed 17472K, reserved 1048576K
}

