# JRE version: OpenJDK Runtime Environment (17.0.6) (build 17.0.6+0-b2043.56-9586694)
# Java VM: OpenJDK 64-Bit Server VM (17.0.6+0-b2043.56-9586694, mixed mode, tiered, compressed oops, compressed class ptrs, g1 gc, windows-amd64)
GC Precious Log:
 CPUs: 6 total, 6 available
 Memory: 8175M
 Large Page Support: Disabled
 NUMA Support: Disabled
 Compressed Oops: Enabled (32-bit)
 Heap Region Size: 1M
 Heap Min Capacity: 8M
 Heap Initial Capacity: 128M
 Heap Max Capacity: 2G
 Pre-touch: Disabled
 Parallel Workers: 6
 Concurrent Workers: 2
 Concurrent Refinement Workers: 6
 Periodic GC: Disabled
Heap:
 garbage-first heap   total 87040K, used 29955K [0x0000000080000000, 0x0000000100000000)
  region size 1024K, 2 young (2048K), 2 survivors (2048K)
 Metaspace       used 41119K, committed 41408K, reserved 1089536K
  class space    used 5438K, committed 5568K, reserved 1048576K
GC Heap History (20 events):
Event: 1.889 GC heap after
{Heap after GC invocations=1 (full 0):
 garbage-first heap   total 131072K, used 10147K [0x0000000080000000, 0x0000000100000000)
  region size 1024K, 3 young (3072K), 3 survivors (3072K)
 Metaspace       used 10191K, committed 10368K, reserved 1064960K
  class space    used 1056K, committed 1088K, reserved 1048576K
}
Event: 2.830 GC heap before
{Heap before GC invocations=1 (full 0):
 garbage-first heap   total 131072K, used 35747K [0x0000000080000000, 0x0000000100000000)
  region size 1024K, 28 young (28672K), 3 survivors (3072K)
 Metaspace       used 11180K, committed 11392K, reserved 1064960K
  class space    used 1165K, committed 1280K, reserved 1048576K
}
Event: 2.837 GC heap after
{Heap after GC invocations=2 (full 0):
 garbage-first heap   total 131072K, used 10999K [0x0000000080000000, 0x0000000100000000)
  region size 1024K, 1 young (1024K), 1 survivors (1024K)
 Metaspace       used 11180K, committed 11392K, reserved 1064960K
  class space    used 1165K, committed 1280K, reserved 1048576K
}
Event: 4.448 GC heap before
{Heap before GC invocations=2 (full 0):
 garbage-first heap   total 131072K, used 54007K [0x0000000080000000, 0x0000000100000000)
  region size 1024K, 44 young (45056K), 1 survivors (1024K)
 Metaspace       used 21183K, committed 21504K, reserved 1073152K
  class space    used 2571K, committed 2752K, reserved 1048576K
}
Event: 4.461 GC heap after
{Heap after GC invocations=3 (full 0):
 garbage-first heap   total 131072K, used 18262K [0x0000000080000000, 0x0000000100000000)
  region size 1024K, 8 young (8192K), 8 survivors (8192K)
 Metaspace       used 21183K, committed 21504K, reserved 1073152K
  class space    used 2571K, committed 2752K, reserved 1048576K
}
Event: 5.280 GC heap before
{Heap before GC invocations=4 (full 0):
 garbage-first heap   total 65536K, used 48982K [0x0000000080000000, 0x0000000100000000)
  region size 1024K, 38 young (38912K), 8 survivors (8192K)
 Metaspace       used 25977K, committed 26240K, reserved 1073152K
  class space    used 3404K, committed 3520K, reserved 1048576K
}
Event: 5.296 GC heap after
{Heap after GC invocations=5 (full 0):
 garbage-first heap   total 65536K, used 19992K [0x0000000080000000, 0x0000000100000000)
  region size 1024K, 3 young (3072K), 3 survivors (3072K)
 Metaspace       used 25977K, committed 26240K, reserved 1073152K
  class space    used 3404K, committed 3520K, reserved 1048576K
}
Event: 5.340 GC heap before
{Heap before GC invocations=5 (full 0):
 garbage-first heap   total 65536K, used 21016K [0x0000000080000000, 0x0000000100000000)
  region size 1024K, 4 young (4096K), 3 survivors (3072K)
 Metaspace       used 26105K, committed 26432K, reserved 1073152K
  class space    used 3422K, committed 3584K, reserved 1048576K
}
Event: 5.347 GC heap after
{Heap after GC invocations=6 (full 0):
 garbage-first heap   total 65536K, used 20230K [0x0000000080000000, 0x0000000100000000)
  region size 1024K, 1 young (1024K), 1 survivors (1024K)
 Metaspace       used 26105K, committed 26432K, reserved 1073152K
  class space    used 3422K, committed 3584K, reserved 1048576K
}
Event: 6.000 GC heap before
{Heap before GC invocations=6 (full 0):
 garbage-first heap   total 65536K, used 45830K [0x0000000080000000, 0x0000000100000000)
  region size 1024K, 26 young (26624K), 1 survivors (1024K)
 Metaspace       used 30111K, committed 30400K, reserved 1081344K
  class space    used 4089K, committed 4224K, reserved 1048576K
}
Event: 6.004 GC heap after
{Heap after GC invocations=7 (full 0):
 garbage-first heap   total 65536K, used 21361K [0x0000000080000000, 0x0000000100000000)
  region size 1024K, 2 young (2048K), 2 survivors (2048K)
 Metaspace       used 30111K, committed 30400K, reserved 1081344K
  class space    used 4089K, committed 4224K, reserved 1048576K
}
Event: 6.575 GC heap before
{Heap before GC invocations=7 (full 0):
 garbage-first heap   total 65536K, used 46961K [0x0000000080000000, 0x0000000100000000)
  region size 1024K, 27 young (27648K), 2 survivors (2048K)
 Metaspace       used 34350K, committed 34624K, reserved 1081344K
  class space    used 4739K, committed 4864K, reserved 1048576K
}
Event: 6.581 GC heap after
{Heap after GC invocations=8 (full 0):
 garbage-first heap   total 65536K, used 22723K [0x0000000080000000, 0x0000000100000000)
  region size 1024K, 3 young (3072K), 3 survivors (3072K)
 Metaspace       used 34350K, committed 34624K, reserved 1081344K
  class space    used 4739K, committed 4864K, reserved 1048576K
}
Event: 6.765 GC heap before
{Heap before GC invocations=8 (full 0):
 garbage-first heap   total 65536K, used 27843K [0x0000000080000000, 0x0000000100000000)
  region size 1024K, 9 young (9216K), 3 survivors (3072K)
 Metaspace       used 35625K, committed 35968K, reserved 1081344K
  class space    used 4875K, committed 5056K, reserved 1048576K
}
Event: 6.770 GC heap after
{Heap after GC invocations=9 (full 0):
 garbage-first heap   total 65536K, used 23685K [0x0000000080000000, 0x0000000100000000)
  region size 1024K, 3 young (3072K), 3 survivors (3072K)
 Metaspace       used 35625K, committed 35968K, reserved 1081344K
  class space    used 4875K, committed 5056K, reserved 1048576K
}
Event: 7.259 GC heap before
{Heap before GC invocations=10 (full 0):
 garbage-first heap   total 65536K, used 47237K [0x0000000080000000, 0x0000000100000000)
  region size 1024K, 27 young (27648K), 3 survivors (3072K)
 Metaspace       used 40410K, committed 40768K, reserved 1089536K
  class space    used 5354K, committed 5504K, reserved 1048576K
}
Event: 7.267 GC heap after
{Heap after GC invocations=11 (full 0):
 garbage-first heap   total 65536K, used 27316K [0x0000000080000000, 0x0000000100000000)
  region size 1024K, 4 young (4096K), 4 survivors (4096K)
 Metaspace       used 40410K, committed 40768K, reserved 1089536K
  class space    used 5354K, committed 5504K, reserved 1048576K
}
Event: 7.272 GC heap before
{Heap before GC invocations=11 (full 0):
 garbage-first heap   total 65536K, used 28340K [0x0000000080000000, 0x0000000100000000)
  region size 1024K, 5 young (5120K), 4 survivors (4096K)
 Metaspace       used 40411K, committed 40768K, reserved 1089536K
  class space    used 5354K, committed 5504K, reserved 1048576K
}
Event: 7.277 GC heap after
{Heap after GC invocations=12 (full 0):
 garbage-first heap   total 65536K, used 27675K [0x0000000080000000, 0x0000000100000000)
  region size 1024K, 1 young (1024K), 1 survivors (1024K)
 Metaspace       used 40411K, committed 40768K, reserved 1089536K
  class space    used 5354K, committed 5504K, reserved 1048576K
}
Event: 7.467 GC heap before
{Heap before GC invocations=12 (full 0):
 garbage-first heap   total 65536K, used 42011K [0x0000000080000000, 0x0000000100000000)
  region size 1024K, 15 young (15360K), 1 survivors (1024K)
 Metaspace       used 41119K, committed 41408K, reserved 1089536K
  class space    used 5438K, committed 5568K, reserved 1048576K
}

