# JRE version: OpenJDK Runtime Environment (17.0.6) (build 17.0.6+0-b2043.56-9586694)
# Java VM: OpenJDK 64-Bit Server VM (17.0.6+0-b2043.56-9586694, mixed mode, tiered, compressed oops, compressed class ptrs, g1 gc, windows-amd64)
GC Precious Log:
 CPUs: 6 total, 6 available
 Memory: 8175M
 Large Page Support: Disabled
 NUMA Support: Disabled
 Compressed Oops: Enabled (32-bit)
 Heap Region Size: 1M
 Heap Min Capacity: 8M
 Heap Initial Capacity: 128M
 Heap Max Capacity: 2G
 Pre-touch: Disabled
 Parallel Workers: 6
 Concurrent Workers: 2
 Concurrent Refinement Workers: 6
 Periodic GC: Disabled
Heap:
 garbage-first heap   total 86016K, used 65800K [0x0000000080000000, 0x0000000100000000)
  region size 1024K, 33 young (33792K), 2 survivors (2048K)
 Metaspace       used 51835K, committed 52288K, reserved 1097728K
  class space    used 6837K, committed 7040K, reserved 1048576K
GC Heap History (20 events):
Event: 0.947 GC heap before
{Heap before GC invocations=0 (full 0):
 garbage-first heap   total 131072K, used 24576K [0x0000000080000000, 0x0000000100000000)
  region size 1024K, 21 young (21504K), 0 survivors (0K)
 Metaspace       used 10195K, committed 10368K, reserved 1064960K
  class space    used 1056K, committed 1088K, reserved 1048576K
}
Event: 0.957 GC heap after
{Heap after GC invocations=1 (full 0):
 garbage-first heap   total 131072K, used 10028K [0x0000000080000000, 0x0000000100000000)
  region size 1024K, 3 young (3072K), 3 survivors (3072K)
 Metaspace       used 10195K, committed 10368K, reserved 1064960K
  class space    used 1056K, committed 1088K, reserved 1048576K
}
Event: 1.547 GC heap before
{Heap before GC invocations=1 (full 0):
 garbage-first heap   total 131072K, used 35628K [0x0000000080000000, 0x0000000100000000)
  region size 1024K, 28 young (28672K), 3 survivors (3072K)
 Metaspace       used 11188K, committed 11392K, reserved 1064960K
  class space    used 1166K, committed 1280K, reserved 1048576K
}
Event: 1.554 GC heap after
{Heap after GC invocations=2 (full 0):
 garbage-first heap   total 131072K, used 11106K [0x0000000080000000, 0x0000000100000000)
  region size 1024K, 1 young (1024K), 1 survivors (1024K)
 Metaspace       used 11188K, committed 11392K, reserved 1064960K
  class space    used 1166K, committed 1280K, reserved 1048576K
}
Event: 2.915 GC heap before
{Heap before GC invocations=2 (full 0):
 garbage-first heap   total 131072K, used 54114K [0x0000000080000000, 0x0000000100000000)
  region size 1024K, 44 young (45056K), 1 survivors (1024K)
 Metaspace       used 21193K, committed 21504K, reserved 1073152K
  class space    used 2574K, committed 2752K, reserved 1048576K
}
Event: 2.927 GC heap after
{Heap after GC invocations=3 (full 0):
 garbage-first heap   total 131072K, used 18211K [0x0000000080000000, 0x0000000100000000)
  region size 1024K, 8 young (8192K), 8 survivors (8192K)
 Metaspace       used 21193K, committed 21504K, reserved 1073152K
  class space    used 2574K, committed 2752K, reserved 1048576K
}
Event: 3.660 GC heap before
{Heap before GC invocations=4 (full 0):
 garbage-first heap   total 65536K, used 48931K [0x0000000080000000, 0x0000000100000000)
  region size 1024K, 38 young (38912K), 8 survivors (8192K)
 Metaspace       used 25987K, committed 26240K, reserved 1073152K
  class space    used 3405K, committed 3520K, reserved 1048576K
}
Event: 3.673 GC heap after
{Heap after GC invocations=5 (full 0):
 garbage-first heap   total 65536K, used 20426K [0x0000000080000000, 0x0000000100000000)
  region size 1024K, 3 young (3072K), 3 survivors (3072K)
 Metaspace       used 25987K, committed 26240K, reserved 1073152K
  class space    used 3405K, committed 3520K, reserved 1048576K
}
Event: 3.697 GC heap before
{Heap before GC invocations=5 (full 0):
 garbage-first heap   total 65536K, used 21450K [0x0000000080000000, 0x0000000100000000)
  region size 1024K, 4 young (4096K), 3 survivors (3072K)
 Metaspace       used 26107K, committed 26432K, reserved 1073152K
  class space    used 3424K, committed 3584K, reserved 1048576K
}
Event: 3.702 GC heap after
{Heap after GC invocations=6 (full 0):
 garbage-first heap   total 65536K, used 20617K [0x0000000080000000, 0x0000000100000000)
  region size 1024K, 1 young (1024K), 1 survivors (1024K)
 Metaspace       used 26107K, committed 26432K, reserved 1073152K
  class space    used 3424K, committed 3584K, reserved 1048576K
}
Event: 4.281 GC heap before
{Heap before GC invocations=6 (full 0):
 garbage-first heap   total 65536K, used 46217K [0x0000000080000000, 0x0000000100000000)
  region size 1024K, 26 young (26624K), 1 survivors (1024K)
 Metaspace       used 30068K, committed 30336K, reserved 1081344K
  class space    used 4084K, committed 4224K, reserved 1048576K
}
Event: 4.288 GC heap after
{Heap after GC invocations=7 (full 0):
 garbage-first heap   total 105472K, used 21823K [0x0000000080000000, 0x0000000100000000)
  region size 1024K, 2 young (2048K), 2 survivors (2048K)
 Metaspace       used 30068K, committed 30336K, reserved 1081344K
  class space    used 4084K, committed 4224K, reserved 1048576K
}
Event: 4.996 GC heap before
{Heap before GC invocations=7 (full 0):
 garbage-first heap   total 105472K, used 53567K [0x0000000080000000, 0x0000000100000000)
  region size 1024K, 34 young (34816K), 2 survivors (2048K)
 Metaspace       used 35606K, committed 35968K, reserved 1081344K
  class space    used 4876K, committed 5056K, reserved 1048576K
}
Event: 5.006 GC heap after
{Heap after GC invocations=8 (full 0):
 garbage-first heap   total 105472K, used 24160K [0x0000000080000000, 0x0000000100000000)
  region size 1024K, 4 young (4096K), 4 survivors (4096K)
 Metaspace       used 35606K, committed 35968K, reserved 1081344K
  class space    used 4876K, committed 5056K, reserved 1048576K
}
Event: 6.071 GC heap before
{Heap before GC invocations=9 (full 0):
 garbage-first heap   total 86016K, used 70240K [0x0000000080000000, 0x0000000100000000)
  region size 1024K, 48 young (49152K), 4 survivors (4096K)
 Metaspace       used 42490K, committed 42880K, reserved 1089536K
  class space    used 5555K, committed 5696K, reserved 1048576K
}
Event: 6.083 GC heap after
{Heap after GC invocations=10 (full 0):
 garbage-first heap   total 86016K, used 29257K [0x0000000080000000, 0x0000000100000000)
  region size 1024K, 7 young (7168K), 7 survivors (7168K)
 Metaspace       used 42490K, committed 42880K, reserved 1089536K
  class space    used 5555K, committed 5696K, reserved 1048576K
}
Event: 6.899 GC heap before
{Heap before GC invocations=10 (full 0):
 garbage-first heap   total 86016K, used 64073K [0x0000000080000000, 0x0000000100000000)
  region size 1024K, 42 young (43008K), 7 survivors (7168K)
 Metaspace       used 46075K, committed 46464K, reserved 1089536K
  class space    used 6107K, committed 6272K, reserved 1048576K
}
Event: 6.910 GC heap after
{Heap after GC invocations=11 (full 0):
 garbage-first heap   total 86016K, used 32525K [0x0000000080000000, 0x0000000100000000)
  region size 1024K, 4 young (4096K), 4 survivors (4096K)
 Metaspace       used 46075K, committed 46464K, reserved 1089536K
  class space    used 6107K, committed 6272K, reserved 1048576K
}
Event: 7.698 GC heap before
{Heap before GC invocations=11 (full 0):
 garbage-first heap   total 86016K, used 66317K [0x0000000080000000, 0x0000000100000000)
  region size 1024K, 36 young (36864K), 4 survivors (4096K)
 Metaspace       used 50759K, committed 51200K, reserved 1097728K
  class space    used 6736K, committed 6912K, reserved 1048576K
}
Event: 7.707 GC heap after
{Heap after GC invocations=12 (full 0):
 garbage-first heap   total 86016K, used 34056K [0x0000000080000000, 0x0000000100000000)
  region size 1024K, 2 young (2048K), 2 survivors (2048K)
 Metaspace       used 50759K, committed 51200K, reserved 1097728K
  class space    used 6736K, committed 6912K, reserved 1048576K
}

