# JRE version: OpenJDK Runtime Environment (17.0.6) (build 17.0.6+0-b2043.56-9586694)
# Java VM: OpenJDK 64-Bit Server VM (17.0.6+0-b2043.56-9586694, mixed mode, tiered, compressed oops, compressed class ptrs, g1 gc, windows-amd64)
GC Precious Log:
 CPUs: 6 total, 6 available
 Memory: 8175M
 Large Page Support: Disabled
 NUMA Support: Disabled
 Compressed Oops: Enabled (32-bit)
 Heap Region Size: 1M
 Heap Min Capacity: 8M
 Heap Initial Capacity: 128M
 Heap Max Capacity: 2G
 Pre-touch: Disabled
 Parallel Workers: 6
 Concurrent Workers: 2
 Concurrent Refinement Workers: 6
 Periodic GC: Disabled
Heap:
 garbage-first heap   total 87040K, used 29908K [0x0000000080000000, 0x0000000100000000)
  region size 1024K, 3 young (3072K), 3 survivors (3072K)
 Metaspace       used 42425K, committed 42816K, reserved 1089536K
  class space    used 5523K, committed 5696K, reserved 1048576K
GC Heap History (20 events):
Event: 0.958 GC heap after
{Heap after GC invocations=1 (full 0):
 garbage-first heap   total 131072K, used 10240K [0x0000000080000000, 0x0000000100000000)
  region size 1024K, 3 young (3072K), 3 survivors (3072K)
 Metaspace       used 10193K, committed 10368K, reserved 1064960K
  class space    used 1056K, committed 1088K, reserved 1048576K
}
Event: 1.526 GC heap before
{Heap before GC invocations=1 (full 0):
 garbage-first heap   total 131072K, used 35840K [0x0000000080000000, 0x0000000100000000)
  region size 1024K, 28 young (28672K), 3 survivors (3072K)
 Metaspace       used 11183K, committed 11392K, reserved 1064960K
  class space    used 1166K, committed 1280K, reserved 1048576K
}
Event: 1.533 GC heap after
{Heap after GC invocations=2 (full 0):
 garbage-first heap   total 131072K, used 11092K [0x0000000080000000, 0x0000000100000000)
  region size 1024K, 1 young (1024K), 1 survivors (1024K)
 Metaspace       used 11183K, committed 11392K, reserved 1064960K
  class space    used 1166K, committed 1280K, reserved 1048576K
}
Event: 2.971 GC heap before
{Heap before GC invocations=2 (full 0):
 garbage-first heap   total 131072K, used 54100K [0x0000000080000000, 0x0000000100000000)
  region size 1024K, 44 young (45056K), 1 survivors (1024K)
 Metaspace       used 21216K, committed 21504K, reserved 1073152K
  class space    used 2580K, committed 2752K, reserved 1048576K
}
Event: 2.983 GC heap after
{Heap after GC invocations=3 (full 0):
 garbage-first heap   total 131072K, used 18585K [0x0000000080000000, 0x0000000100000000)
  region size 1024K, 9 young (9216K), 9 survivors (9216K)
 Metaspace       used 21216K, committed 21504K, reserved 1073152K
  class space    used 2580K, committed 2752K, reserved 1048576K
}
Event: 3.899 GC heap before
{Heap before GC invocations=4 (full 0):
 garbage-first heap   total 68608K, used 50329K [0x0000000080000000, 0x0000000100000000)
  region size 1024K, 40 young (40960K), 9 survivors (9216K)
 Metaspace       used 26165K, committed 26496K, reserved 1073152K
  class space    used 3437K, committed 3584K, reserved 1048576K
}
Event: 3.914 GC heap after
{Heap after GC invocations=5 (full 0):
 garbage-first heap   total 68608K, used 20421K [0x0000000080000000, 0x0000000100000000)
  region size 1024K, 3 young (3072K), 3 survivors (3072K)
 Metaspace       used 26165K, committed 26496K, reserved 1073152K
  class space    used 3437K, committed 3584K, reserved 1048576K
}
Event: 3.945 GC heap before
{Heap before GC invocations=5 (full 0):
 garbage-first heap   total 68608K, used 21445K [0x0000000080000000, 0x0000000100000000)
  region size 1024K, 4 young (4096K), 3 survivors (3072K)
 Metaspace       used 26331K, committed 26624K, reserved 1073152K
  class space    used 3464K, committed 3584K, reserved 1048576K
}
Event: 3.952 GC heap after
{Heap after GC invocations=6 (full 0):
 garbage-first heap   total 68608K, used 20351K [0x0000000080000000, 0x0000000100000000)
  region size 1024K, 1 young (1024K), 1 survivors (1024K)
 Metaspace       used 26331K, committed 26624K, reserved 1073152K
  class space    used 3464K, committed 3584K, reserved 1048576K
}
Event: 4.824 GC heap before
{Heap before GC invocations=6 (full 0):
 garbage-first heap   total 68608K, used 46975K [0x0000000080000000, 0x0000000100000000)
  region size 1024K, 27 young (27648K), 1 survivors (1024K)
 Metaspace       used 30552K, committed 30848K, reserved 1081344K
  class space    used 4148K, committed 4288K, reserved 1048576K
}
Event: 4.828 GC heap after
{Heap after GC invocations=7 (full 0):
 garbage-first heap   total 68608K, used 21493K [0x0000000080000000, 0x0000000100000000)
  region size 1024K, 2 young (2048K), 2 survivors (2048K)
 Metaspace       used 30552K, committed 30848K, reserved 1081344K
  class space    used 4148K, committed 4288K, reserved 1048576K
}
Event: 6.543 GC heap before
{Heap before GC invocations=7 (full 0):
 garbage-first heap   total 68608K, used 49141K [0x0000000080000000, 0x0000000100000000)
  region size 1024K, 29 young (29696K), 2 survivors (2048K)
 Metaspace       used 35291K, committed 35712K, reserved 1081344K
  class space    used 4868K, committed 5056K, reserved 1048576K
}
Event: 6.552 GC heap after
{Heap after GC invocations=8 (full 0):
 garbage-first heap   total 68608K, used 23549K [0x0000000080000000, 0x0000000100000000)
  region size 1024K, 4 young (4096K), 4 survivors (4096K)
 Metaspace       used 35291K, committed 35712K, reserved 1081344K
  class space    used 4868K, committed 5056K, reserved 1048576K
}
Event: 6.579 GC heap before
{Heap before GC invocations=8 (full 0):
 garbage-first heap   total 68608K, used 23549K [0x0000000080000000, 0x0000000100000000)
  region size 1024K, 5 young (5120K), 4 survivors (4096K)
 Metaspace       used 35605K, committed 35968K, reserved 1081344K
  class space    used 4873K, committed 5056K, reserved 1048576K
}
Event: 6.586 GC heap after
{Heap after GC invocations=9 (full 0):
 garbage-first heap   total 68608K, used 23991K [0x0000000080000000, 0x0000000100000000)
  region size 1024K, 3 young (3072K), 3 survivors (3072K)
 Metaspace       used 35605K, committed 35968K, reserved 1081344K
  class space    used 4873K, committed 5056K, reserved 1048576K
}
Event: 8.398 GC heap before
{Heap before GC invocations=10 (full 0):
 garbage-first heap   total 68608K, used 45495K [0x0000000080000000, 0x0000000100000000)
  region size 1024K, 25 young (25600K), 3 survivors (3072K)
 Metaspace       used 40465K, committed 40832K, reserved 1089536K
  class space    used 5356K, committed 5504K, reserved 1048576K
}
Event: 8.407 GC heap after
{Heap after GC invocations=11 (full 0):
 garbage-first heap   total 68608K, used 26951K [0x0000000080000000, 0x0000000100000000)
  region size 1024K, 4 young (4096K), 4 survivors (4096K)
 Metaspace       used 40465K, committed 40832K, reserved 1089536K
  class space    used 5356K, committed 5504K, reserved 1048576K
}
Event: 8.417 GC heap before
{Heap before GC invocations=11 (full 0):
 garbage-first heap   total 68608K, used 27975K [0x0000000080000000, 0x0000000100000000)
  region size 1024K, 5 young (5120K), 4 survivors (4096K)
 Metaspace       used 40465K, committed 40832K, reserved 1089536K
  class space    used 5356K, committed 5504K, reserved 1048576K
}
Event: 8.423 GC heap after
{Heap after GC invocations=12 (full 0):
 garbage-first heap   total 68608K, used 26943K [0x0000000080000000, 0x0000000100000000)
  region size 1024K, 1 young (1024K), 1 survivors (1024K)
 Metaspace       used 40465K, committed 40832K, reserved 1089536K
  class space    used 5356K, committed 5504K, reserved 1048576K
}
Event: 8.912 GC heap before
{Heap before GC invocations=12 (full 0):
 garbage-first heap   total 68608K, used 50495K [0x0000000080000000, 0x0000000100000000)
  region size 1024K, 22 young (22528K), 1 survivors (1024K)
 Metaspace       used 42425K, committed 42816K, reserved 1089536K
  class space    used 5523K, committed 5696K, reserved 1048576K
}

